{"meta": {"version": "5.1", "timestamp": "2020-05-05T17:31:54.615074", "branch_coverage": false, "show_contexts": false}, "files": {"src/pytest_wepy/__init__.py": {"executed_lines": [2, 4], "summary": {"covered_lines": 2, "num_statements": 3, "percent_covered": 66.66666666666667, "missing_lines": 1, "excluded_lines": 0}, "missing_lines": [7], "excluded_lines": []}, "src/pytest_wepy/lennard_jones_pair.py": {"executed_lines": [1, 3, 4, 5, 6, 7, 9, 10, 12, 13, 14, 16, 18, 20, 25, 26, 27, 28, 31, 34, 44, 49, 50, 51, 54, 55, 56, 59, 62, 63, 64, 68, 69, 76, 79, 89, 93, 102, 106, 126], "summary": {"covered_lines": 40, "num_statements": 53, "percent_covered": 75.47169811320755, "missing_lines": 13, "excluded_lines": 0}, "missing_lines": [82, 91, 96, 100, 117, 118, 119, 121, 139, 141, 143, 149, 155], "excluded_lines": []}, "src/wepy/__init__.py": {"executed_lines": [3, 5, 6, 7, 9, 10], "summary": {"covered_lines": 6, "num_statements": 6, "percent_covered": 100.0, "missing_lines": 0, "excluded_lines": 0}, "missing_lines": [], "excluded_lines": []}, "src/wepy/_version.py": {"executed_lines": [11, 13, 14, 15, 16, 17, 20, 26, 27, 28, 29, 30, 33, 34, 37, 41, 42, 43, 44, 45, 46, 47, 48, 51, 52, 55, 56, 59, 61, 63, 64, 65, 66, 67, 70, 73, 74, 75, 76, 77, 79, 83, 96, 97, 98, 99, 104, 107, 132, 161, 164, 166, 167, 174, 175, 176, 177, 179, 216, 217, 224, 225, 228, 230, 237, 242, 244, 245, 246, 248, 250, 251, 252, 253, 257, 260, 261, 262, 263, 267, 269, 270, 277, 278, 285, 288, 291, 301, 303, 305, 308, 310, 312, 315, 324, 325, 326, 327, 328, 329, 330, 337, 340, 356, 383, 405, 425, 445, 447, 454, 457, 458, 472, 477, 484, 485, 487, 488, 490, 491, 493, 494, 498, 499, 506, 507, 508], "summary": {"covered_lines": 125, "num_statements": 277, "percent_covered": 45.12635379061372, "missing_lines": 152, "excluded_lines": 0}, "missing_lines": [84, 85, 86, 87, 88, 89, 90, 91, 93, 94, 95, 100, 101, 102, 103, 114, 116, 117, 118, 119, 123, 124, 126, 127, 129, 139, 140, 141, 142, 143, 144, 145, 146, 147, 148, 149, 150, 151, 152, 153, 154, 155, 156, 157, 158, 165, 178, 180, 183, 184, 185, 193, 194, 195, 196, 197, 198, 200, 201, 202, 203, 204, 209, 210, 211, 226, 231, 232, 233, 243, 247, 272, 274, 279, 280, 281, 282, 284, 295, 296, 298, 311, 333, 335, 336, 346, 347, 348, 349, 352, 353, 366, 367, 368, 369, 370, 371, 372, 373, 376, 377, 378, 379, 380, 391, 392, 393, 394, 395, 396, 399, 400, 401, 402, 413, 414, 415, 416, 419, 420, 421, 422, 434, 435, 436, 439, 440, 441, 442, 448, 455, 459, 460, 461, 462, 463, 464, 465, 466, 467, 468, 470, 500, 501, 509, 510, 512, 513, 514, 515, 516, 518], "excluded_lines": []}, "src/wepy/analysis/__init__.py": {"executed_lines": [1], "summary": {"covered_lines": 0, "num_statements": 0, "percent_covered": 100.0, "missing_lines": 0, "excluded_lines": 0}, "missing_lines": [], "excluded_lines": []}, "src/wepy/analysis/network_layouts/__init__.py": {"executed_lines": [1], "summary": {"covered_lines": 0, "num_statements": 0, "percent_covered": 100.0, "missing_lines": 0, "excluded_lines": 0}, "missing_lines": [], "excluded_lines": []}, "src/wepy/analysis/network_layouts/layout.py": {"executed_lines": [1, 3, 4, 5], "summary": {"covered_lines": 2, "num_statements": 2, "percent_covered": 100.0, "missing_lines": 0, "excluded_lines": 0}, "missing_lines": [], "excluded_lines": []}, "src/wepy/analysis/network_layouts/layout_graph.py": {"executed_lines": [1, 13, 14, 23, 24, 25, 26, 28, 29, 30, 31, 32, 33, 35, 36, 37, 38, 40, 41, 43, 44, 47, 48, 49, 50, 52, 82, 87, 93, 127, 143, 154, 164, 174, 186, 204, 215, 226, 237, 248, 272, 292, 313, 335, 356, 371, 386, 401, 412], "summary": {"covered_lines": 47, "num_statements": 90, "percent_covered": 52.22222222222222, "missing_lines": 43, "excluded_lines": 0}, "missing_lines": [68, 72, 73, 74, 79, 80, 85, 90, 111, 112, 113, 114, 115, 118, 119, 121, 123, 140, 141, 152, 162, 172, 182, 198, 199, 200, 202, 213, 224, 235, 244, 264, 267, 288, 309, 330, 352, 354, 367, 382, 397, 410, 420], "excluded_lines": []}, "src/wepy/analysis/network_layouts/tree.py": {"executed_lines": [1, 10, 11, 12, 13, 15, 16, 18, 20, 21, 38, 71, 105, 128, 342, 377, 422, 455, 542], "summary": {"covered_lines": 17, "num_statements": 163, "percent_covered": 10.429447852760736, "missing_lines": 146, "excluded_lines": 0}, "missing_lines": [66, 67, 68, 69, 89, 90, 93, 94, 97, 98, 99, 101, 103, 121, 122, 123, 124, 126, 146, 153, 154, 155, 159, 161, 162, 166, 167, 170, 173, 175, 176, 179, 184, 185, 191, 196, 199, 201, 205, 207, 208, 214, 215, 221, 224, 228, 230, 233, 234, 240, 245, 250, 256, 261, 267, 270, 274, 277, 280, 283, 286, 288, 290, 297, 302, 308, 309, 311, 315, 318, 321, 325, 326, 330, 332, 335, 340, 361, 362, 363, 365, 368, 369, 370, 371, 374, 393, 395, 400, 404, 407, 409, 413, 415, 418, 420, 442, 444, 445, 448, 451, 453, 472, 473, 477, 481, 484, 488, 491, 494, 500, 503, 508, 519, 522, 525, 529, 532, 537, 539, 581, 589, 594, 598, 599, 602, 603, 604, 609, 610, 611, 615, 620, 622, 623, 624, 625, 627, 630, 631, 635, 638, 639, 641, 646, 648], "excluded_lines": []}, "src/wepy/analysis/parents.py": {"executed_lines": [1, 60, 61, 63, 64, 66, 73, 213, 254, 303, 355, 373, 415, 462, 463, 471, 473, 476, 481, 487, 489, 561, 608, 616, 621, 626, 631, 641, 647, 667, 680, 710, 726], "summary": {"covered_lines": 31, "num_statements": 206, "percent_covered": 15.048543689320388, "missing_lines": 175, "excluded_lines": 0}, "missing_lines": [99, 102, 103, 106, 107, 108, 109, 110, 114, 115, 116, 117, 118, 120, 122, 124, 131, 132, 136, 137, 142, 146, 147, 149, 150, 155, 158, 159, 160, 161, 162, 163, 164, 166, 167, 169, 174, 175, 180, 184, 185, 188, 189, 192, 193, 196, 197, 198, 201, 205, 208, 210, 233, 234, 238, 241, 244, 247, 250, 252, 275, 278, 281, 282, 283, 285, 288, 290, 291, 292, 296, 299, 301, 327, 329, 331, 332, 334, 337, 340, 343, 344, 346, 349, 352, 357, 358, 363, 364, 366, 368, 369, 371, 395, 397, 399, 400, 403, 408, 410, 411, 413, 438, 440, 443, 446, 449, 454, 455, 457, 459, 516, 517, 519, 520, 522, 525, 528, 532, 535, 537, 542, 546, 550, 553, 556, 558, 559, 580, 581, 582, 586, 587, 588, 592, 593, 596, 598, 602, 604, 606, 611, 612, 614, 619, 624, 629, 634, 635, 636, 637, 638, 639, 645, 659, 660, 661, 662, 664, 665, 674, 675, 676, 678, 693, 694, 695, 696, 698, 699, 723, 724, 742, 743, 744], "excluded_lines": []}, "src/wepy/boundary_conditions/__init__.py": {"executed_lines": [1], "summary": {"covered_lines": 0, "num_statements": 0, "percent_covered": 100.0, "missing_lines": 0, "excluded_lines": 0}, "missing_lines": [], "excluded_lines": []}, "src/wepy/boundary_conditions/boundary.py": {"executed_lines": [1, 7, 8, 9, 10, 11, 13, 15, 17, 18, 26, 43, 70, 87, 101, 122, 149, 166, 180, 197, 224, 241, 254, 259, 263, 267, 271, 285, 289, 293, 297, 301, 315, 319, 323, 327, 331, 345, 349, 396, 417, 418, 425, 464, 472, 473, 482, 483, 484, 486, 491, 492, 493, 495, 497, 499], "summary": {"covered_lines": 52, "num_statements": 89, "percent_covered": 58.42696629213483, "missing_lines": 37, "excluded_lines": 0}, "missing_lines": [257, 261, 265, 269, 281, 287, 291, 295, 299, 311, 317, 321, 325, 329, 341, 347, 394, 413, 458, 459, 460, 462, 469, 504, 508, 512, 515, 518, 519, 525, 529, 535, 538, 540, 541, 547, 552], "excluded_lines": []}, "src/wepy/boundary_conditions/receptor.py": {"executed_lines": [1, 6, 7, 8, 9, 11, 13, 14, 15, 16, 18, 20, 21, 22, 24, 26, 27, 50, 51, 52, 54, 59, 60, 61, 63, 65, 74, 130, 135, 140, 145, 152, 175, 217, 245, 331, 368, 369, 400, 408, 409, 411, 414, 415, 416, 418, 421, 422, 423, 425, 434, 498, 503, 508, 514, 560, 561, 575, 581, 582, 583, 586, 587, 588, 590, 593, 600, 601, 602, 604, 682, 687, 692, 728, 758], "summary": {"covered_lines": 71, "num_statements": 166, "percent_covered": 42.7710843373494, "missing_lines": 95, "excluded_lines": 0}, "missing_lines": [114, 115, 116, 118, 119, 120, 125, 126, 128, 133, 138, 143, 149, 173, 202, 205, 208, 211, 214, 242, 275, 278, 279, 282, 285, 287, 290, 293, 294, 298, 300, 303, 306, 309, 311, 312, 317, 321, 322, 327, 329, 351, 352, 355, 356, 360, 361, 365, 477, 484, 485, 487, 490, 492, 495, 496, 501, 506, 512, 533, 534, 538, 542, 547, 551, 552, 553, 555, 557, 662, 668, 669, 671, 672, 675, 679, 685, 690, 705, 707, 710, 715, 718, 723, 724, 726, 747, 750, 751, 752, 754, 756, 785, 786, 788], "excluded_lines": []}, "src/wepy/boundary_conditions/unbinding.py": {"executed_lines": [1, 3], "summary": {"covered_lines": 1, "num_statements": 1, "percent_covered": 100.0, "missing_lines": 0, "excluded_lines": 0}, "missing_lines": [], "excluded_lines": []}, "src/wepy/hdf5.py": {"executed_lines": [3, 392, 393, 394, 395, 396, 397, 398, 399, 401, 402, 403, 405, 406, 408, 409, 412, 413, 417, 418, 428, 432, 435, 438, 443, 446, 450, 454, 459, 465, 468, 471, 474, 478, 482, 485, 488, 491, 495, 500, 503, 506, 510, 513, 516, 519, 522, 528, 532, 542, 549, 555, 560, 563, 566, 569, 572, 575, 578, 581, 584, 587, 590, 593, 598, 601, 605, 613, 628, 634, 637, 641, 682, 683, 692, 695, 700, 912, 917, 924, 927, 931, 941, 1067, 1072, 1085, 1090, 1134, 1171, 1196, 1219, 1254, 1292, 1323, 1367, 1388, 1416, 1440, 1479, 1497, 1552, 1608, 1671, 1690, 1704, 1720, 1749, 1779, 1871, 1894, 1956, 1985, 2020, 2095, 2172, 2200, 2276, 2350, 2381, 2386, 2411, 2418, 2423, 2428, 2438, 2443, 2456, 2463, 2477, 2492, 2506, 2511, 2515, 2522, 2529, 2540, 2550, 2556, 2570, 2586, 2603, 2617, 2631, 2645, 2659, 2673, 2704, 2739, 2761, 2767, 2791, 2824, 2844, 2849, 2858, 2866, 2874, 2893, 2916, 2921, 2926, 2951, 2978, 3024, 3040, 3067, 3111, 3157, 3162, 3167, 3172, 3177, 3192, 3212, 3226, 3240, 3255, 3260, 3274, 3301, 3331, 3345, 3361, 3391, 3462, 3509, 3553, 3637, 3704, 3728, 3741, 3777, 3788, 3799, 3810, 3821, 3832, 3848, 3905, 3938, 3952, 3976, 4000, 4025, 4052, 4071, 4087, 4106, 4125, 4144, 4164, 4203, 4321, 4439, 4454, 4470, 4485, 4501, 4516, 4562, 4584, 4622, 4639, 4662, 4685, 4704, 4727, 4746, 4769, 4788, 4811, 4830, 4853, 4872, 4888, 4919, 4939, 4988, 5013, 5147, 5193, 5294, 5335, 5417, 5472, 5543, 5629, 5665, 5704, 5751, 5784], "summary": {"covered_lines": 250, "num_statements": 1364, "percent_covered": 18.328445747800586, "missing_lines": 1114, "excluded_lines": 0}, "missing_lines": [414, 415, 419, 420, 668, 669, 670, 671, 676, 677, 679, 680, 781, 782, 784, 785, 786, 787, 788, 791, 793, 797, 803, 808, 809, 810, 811, 817, 818, 819, 820, 824, 825, 827, 831, 834, 835, 837, 838, 840, 845, 847, 850, 851, 855, 856, 861, 862, 865, 866, 867, 869, 872, 875, 879, 882, 885, 889, 892, 893, 894, 895, 896, 897, 898, 899, 900, 901, 902, 906, 909, 913, 918, 922, 925, 929, 933, 948, 952, 955, 958, 961, 966, 970, 976, 977, 985, 988, 989, 992, 995, 996, 997, 1001, 1004, 1005, 1009, 1010, 1012, 1013, 1017, 1018, 1019, 1021, 1023, 1025, 1026, 1027, 1028, 1033, 1035, 1038, 1041, 1042, 1043, 1044, 1047, 1050, 1051, 1053, 1055, 1059, 1065, 1070, 1080, 1081, 1083, 1088, 1102, 1103, 1109, 1110, 1111, 1113, 1116, 1117, 1125, 1127, 1128, 1131, 1132, 1159, 1161, 1163, 1166, 1167, 1169, 1184, 1185, 1186, 1190, 1193, 1211, 1215, 1217, 1233, 1234, 1239, 1242, 1245, 1248, 1251, 1274, 1275, 1279, 1283, 1286, 1289, 1312, 1313, 1316, 1318, 1321, 1346, 1349, 1352, 1356, 1362, 1365, 1383, 1384, 1386, 1409, 1411, 1414, 1432, 1436, 1456, 1461, 1463, 1469, 1472, 1476, 1493, 1494, 1521, 1525, 1532, 1533, 1536, 1537, 1541, 1544, 1546, 1549, 1567, 1568, 1571, 1575, 1578, 1582, 1588, 1589, 1592, 1597, 1604, 1606, 1625, 1627, 1628, 1631, 1634, 1639, 1646, 1647, 1650, 1655, 1661, 1663, 1666, 1669, 1681, 1684, 1685, 1687, 1688, 1701, 1702, 1715, 1716, 1717, 1732, 1735, 1736, 1738, 1739, 1741, 1747, 1760, 1762, 1765, 1766, 1768, 1769, 1771, 1777, 1799, 1800, 1803, 1807, 1812, 1818, 1823, 1826, 1827, 1834, 1837, 1838, 1845, 1849, 1855, 1856, 1859, 1866, 1868, 1889, 1892, 1928, 1929, 1933, 1934, 1938, 1939, 1946, 1947, 1952, 1954, 1978, 1979, 1980, 1983, 2002, 2005, 2006, 2009, 2010, 2011, 2012, 2014, 2016, 2018, 2050, 2051, 2053, 2054, 2058, 2063, 2066, 2070, 2072, 2075, 2076, 2081, 2084, 2088, 2091, 2093, 2123, 2124, 2125, 2126, 2129, 2134, 2137, 2141, 2143, 2146, 2147, 2150, 2151, 2156, 2159, 2163, 2167, 2169, 2191, 2193, 2194, 2196, 2198, 2224, 2225, 2226, 2228, 2230, 2231, 2234, 2235, 2237, 2238, 2240, 2241, 2243, 2249, 2253, 2255, 2258, 2260, 2261, 2266, 2269, 2271, 2273, 2299, 2300, 2305, 2307, 2309, 2310, 2318, 2323, 2325, 2334, 2336, 2343, 2344, 2345, 2347, 2369, 2370, 2371, 2374, 2384, 2398, 2399, 2401, 2403, 2405, 2407, 2409, 2413, 2414, 2415, 2416, 2421, 2426, 2431, 2432, 2434, 2436, 2441, 2451, 2452, 2454, 2459, 2475, 2490, 2504, 2509, 2513, 2520, 2527, 2535, 2536, 2538, 2545, 2546, 2548, 2553, 2554, 2568, 2583, 2600, 2601, 2615, 2629, 2643, 2657, 2671, 2693, 2694, 2696, 2697, 2698, 2699, 2700, 2702, 2726, 2727, 2729, 2732, 2733, 2734, 2735, 2737, 2755, 2756, 2765, 2776, 2777, 2778, 2779, 2780, 2784, 2785, 2786, 2789, 2808, 2809, 2810, 2811, 2812, 2813, 2817, 2818, 2819, 2821, 2836, 2838, 2839, 2840, 2842, 2847, 2853, 2854, 2856, 2863, 2864, 2870, 2871, 2879, 2881, 2883, 2884, 2885, 2886, 2887, 2889, 2891, 2898, 2900, 2902, 2903, 2904, 2906, 2907, 2909, 2910, 2911, 2912, 2914, 2919, 2924, 2944, 2945, 2946, 2947, 2949, 2968, 2969, 2970, 2971, 2972, 2974, 3001, 3005, 3006, 3010, 3011, 3014, 3015, 3020, 3022, 3037, 3062, 3063, 3093, 3094, 3096, 3099, 3100, 3101, 3104, 3107, 3109, 3147, 3149, 3152, 3160, 3165, 3170, 3175, 3190, 3210, 3224, 3238, 3253, 3258, 3272, 3290, 3291, 3292, 3294, 3295, 3296, 3297, 3299, 3317, 3319, 3320, 3324, 3325, 3327, 3329, 3343, 3357, 3375, 3378, 3381, 3382, 3383, 3384, 3385, 3386, 3387, 3389, 3418, 3421, 3423, 3426, 3427, 3430, 3431, 3432, 3437, 3442, 3445, 3446, 3451, 3454, 3455, 3459, 3487, 3490, 3493, 3496, 3498, 3501, 3502, 3503, 3505, 3507, 3526, 3527, 3528, 3529, 3532, 3533, 3536, 3539, 3543, 3548, 3551, 3583, 3584, 3585, 3586, 3592, 3596, 3598, 3600, 3603, 3605, 3607, 3613, 3616, 3620, 3622, 3625, 3626, 3627, 3629, 3631, 3632, 3634, 3657, 3658, 3663, 3664, 3666, 3667, 3670, 3671, 3674, 3677, 3681, 3683, 3684, 3685, 3686, 3690, 3695, 3698, 3699, 3701, 3718, 3719, 3721, 3723, 3738, 3760, 3765, 3768, 3774, 3775, 3786, 3797, 3808, 3819, 3830, 3844, 3845, 3846, 3869, 3870, 3871, 3875, 3878, 3882, 3884, 3887, 3891, 3895, 3896, 3897, 3899, 3901, 3926, 3929, 3930, 3933, 3934, 3936, 3950, 3970, 3972, 3974, 3995, 3996, 3998, 4019, 4021, 4023, 4044, 4046, 4048, 4067, 4069, 4082, 4083, 4084, 4102, 4104, 4121, 4123, 4140, 4142, 4159, 4161, 4178, 4179, 4182, 4228, 4231, 4232, 4233, 4234, 4237, 4238, 4240, 4243, 4244, 4246, 4247, 4251, 4254, 4258, 4260, 4264, 4265, 4266, 4268, 4272, 4275, 4282, 4286, 4289, 4292, 4293, 4298, 4299, 4302, 4304, 4309, 4310, 4312, 4314, 4316, 4319, 4336, 4337, 4340, 4343, 4345, 4349, 4352, 4357, 4358, 4360, 4361, 4365, 4369, 4370, 4372, 4375, 4379, 4383, 4388, 4389, 4394, 4395, 4398, 4402, 4403, 4404, 4405, 4406, 4407, 4408, 4411, 4412, 4413, 4415, 4419, 4424, 4426, 4429, 4432, 4433, 4435, 4452, 4468, 4483, 4499, 4514, 4534, 4537, 4540, 4543, 4544, 4547, 4550, 4553, 4554, 4555, 4580, 4582, 4609, 4610, 4611, 4615, 4616, 4618, 4620, 4636, 4637, 4656, 4657, 4683, 4701, 4725, 4743, 4767, 4785, 4809, 4827, 4851, 4869, 4886, 4906, 4907, 4911, 4914, 4935, 4937, 4959, 4961, 4963, 4965, 4966, 4968, 4969, 4971, 4972, 4973, 4975, 4977, 4978, 4980, 4981, 4983, 5009, 5011, 5070, 5071, 5073, 5079, 5082, 5085, 5090, 5093, 5095, 5096, 5103, 5105, 5107, 5109, 5113, 5114, 5115, 5117, 5119, 5122, 5123, 5125, 5128, 5130, 5132, 5133, 5136, 5140, 5141, 5142, 5144, 5178, 5181, 5182, 5186, 5187, 5190, 5222, 5224, 5226, 5227, 5229, 5230, 5238, 5241, 5244, 5245, 5246, 5249, 5250, 5253, 5255, 5256, 5258, 5261, 5264, 5265, 5270, 5271, 5273, 5275, 5280, 5281, 5282, 5283, 5286, 5289, 5290, 5292, 5316, 5317, 5318, 5323, 5326, 5329, 5330, 5332, 5360, 5362, 5363, 5364, 5366, 5367, 5371, 5372, 5377, 5378, 5384, 5385, 5387, 5388, 5391, 5395, 5399, 5400, 5409, 5410, 5412, 5415, 5445, 5446, 5448, 5458, 5459, 5460, 5461, 5462, 5463, 5465, 5467, 5468, 5470, 5518, 5519, 5520, 5522, 5523, 5525, 5526, 5531, 5534, 5536, 5537, 5538, 5539, 5541, 5575, 5578, 5579, 5580, 5582, 5583, 5585, 5589, 5590, 5594, 5596, 5597, 5599, 5600, 5601, 5603, 5604, 5606, 5607, 5608, 5611, 5612, 5614, 5615, 5618, 5619, 5621, 5622, 5625, 5627, 5659, 5661, 5663, 5698, 5700, 5702, 5730, 5731, 5732, 5733, 5734, 5737, 5738, 5739, 5740, 5741, 5743, 5745, 5746, 5748, 5776, 5778, 5780, 5789, 5791, 5792, 5795, 5799, 5802, 5803, 5806, 5809, 5812, 5816, 5820, 5825, 5828, 5830, 5832, 5834, 5836, 5837, 5839, 5844, 5847, 5851, 5853, 5858, 5861, 5866, 5867, 5876, 5877, 5886, 5889, 5898, 5900, 5910, 5916, 5919, 5921, 5926, 5928, 5931, 5935, 5945, 5950, 5952, 5954, 5957, 5962, 5965, 5967, 5970, 5980, 5981, 5986, 5987, 5989, 5992, 5998, 6000, 6006, 6007, 6011, 6012, 6013, 6016, 6024, 6025, 6027, 6030, 6034, 6035, 6037], "excluded_lines": []}, "src/wepy/orchestration/__init__.py": {"executed_lines": [2], "summary": {"covered_lines": 1, "num_statements": 3, "percent_covered": 33.333333333333336, "missing_lines": 2, "excluded_lines": 0}, "missing_lines": [5, 6], "excluded_lines": []}, "src/wepy/orchestration/configuration.py": {"executed_lines": [1, 2, 3, 4, 6, 7, 9, 10, 12, 13, 14, 15, 19, 20, 22, 38, 39, 41, 43, 44, 46, 51, 52, 54, 56, 57, 59, 62, 63, 64, 66, 71, 72, 74, 77, 82, 83, 85, 88, 89, 92, 93, 97, 103, 105, 110, 113, 119, 121, 124, 126, 129, 131, 134, 136, 139, 141, 144, 146, 149, 151, 156, 159, 161, 164, 166, 171, 174, 177, 185, 187, 190, 192, 193, 197, 198, 244, 246, 253, 256, 258, 261, 264, 279, 294, 298, 303, 304, 306, 308], "summary": {"covered_lines": 89, "num_statements": 108, "percent_covered": 82.4074074074074, "missing_lines": 19, "excluded_lines": 0}, "missing_lines": [99, 154, 169, 194, 204, 205, 210, 214, 218, 226, 233, 235, 237, 239, 242, 249, 251, 299, 300], "excluded_lines": []}, "src/wepy/orchestration/orchestrator.py": {"executed_lines": [1, 2, 3, 4, 5, 6, 7, 8, 9, 10, 14, 16, 17, 18, 20, 23, 24, 25, 29, 30, 34, 36, 37, 38, 39, 41, 42, 45, 48, 51, 55, 57, 62, 63, 67, 72, 74, 77, 82, 87, 97, 106, 114, 121, 125, 127, 129, 142, 144, 146, 167, 217, 237, 244, 251, 262, 271, 282, 286, 290, 296, 301, 307, 312, 328, 344, 360, 367, 375, 404, 420, 441, 446, 451, 473, 492, 513, 530, 547, 549, 559, 561, 571, 583, 594, 604, 612, 624, 665, 678, 694, 703, 712, 720, 724, 763, 792, 904, 921, 929, 932, 1078, 1251], "summary": {"covered_lines": 101, "num_statements": 394, "percent_covered": 25.634517766497463, "missing_lines": 293, "excluded_lines": 0}, "missing_lines": [83, 123, 131, 132, 136, 137, 138, 139, 140, 151, 152, 157, 159, 160, 162, 164, 202, 211, 233, 240, 242, 247, 249, 254, 256, 258, 260, 264, 267, 269, 274, 277, 279, 284, 288, 292, 294, 298, 303, 305, 309, 325, 341, 357, 365, 372, 388, 391, 394, 397, 400, 402, 407, 410, 413, 416, 418, 434, 437, 439, 444, 449, 468, 471, 486, 487, 489, 505, 506, 508, 515, 517, 520, 523, 526, 528, 533, 536, 539, 542, 544, 564, 569, 574, 581, 586, 591, 596, 599, 602, 606, 608, 610, 614, 617, 620, 645, 646, 650, 651, 655, 656, 663, 667, 672, 673, 674, 676, 680, 686, 688, 689, 690, 692, 696, 698, 700, 705, 707, 710, 714, 716, 718, 722, 743, 744, 745, 747, 751, 753, 755, 759, 760, 765, 768, 771, 772, 775, 776, 780, 781, 784, 786, 787, 789, 814, 815, 818, 824, 827, 830, 836, 843, 844, 845, 847, 849, 852, 857, 858, 862, 863, 864, 868, 870, 873, 874, 875, 878, 879, 880, 883, 884, 885, 894, 895, 896, 897, 900, 901, 968, 969, 973, 974, 978, 979, 984, 985, 990, 991, 992, 997, 998, 999, 1000, 1004, 1008, 1012, 1015, 1016, 1018, 1021, 1022, 1025, 1026, 1027, 1028, 1029, 1031, 1033, 1041, 1042, 1043, 1046, 1047, 1050, 1051, 1055, 1058, 1060, 1064, 1066, 1068, 1071, 1073, 1076, 1130, 1133, 1145, 1151, 1157, 1159, 1171, 1172, 1173, 1174, 1175, 1176, 1177, 1178, 1181, 1182, 1187, 1188, 1197, 1200, 1201, 1204, 1208, 1215, 1219, 1222, 1223, 1224, 1225, 1227, 1229, 1236, 1238, 1241, 1242, 1246, 1266, 1267, 1274, 1306, 1309, 1315, 1318, 1321, 1324, 1329, 1331, 1334, 1337, 1340, 1345, 1348, 1353, 1363, 1369, 1370, 1371, 1372, 1373, 1374, 1375, 1376, 1377, 1378, 1379, 1380, 1382], "excluded_lines": []}, "src/wepy/orchestration/snapshot.py": {"executed_lines": [1, 3, 4, 18, 19, 21, 24, 28, 29, 31, 32, 33, 35, 37, 41, 43, 45, 49, 53, 58, 59, 61, 63, 64, 66, 69, 71, 74], "summary": {"covered_lines": 25, "num_statements": 29, "percent_covered": 86.20689655172414, "missing_lines": 4, "excluded_lines": 0}, "missing_lines": [38, 47, 51, 55], "excluded_lines": []}, "src/wepy/reporter/__init__.py": {"executed_lines": [1], "summary": {"covered_lines": 0, "num_statements": 0, "percent_covered": 100.0, "missing_lines": 0, "excluded_lines": 0}, "missing_lines": [], "excluded_lines": []}, "src/wepy/reporter/dashboard.py": {"executed_lines": [1, 5, 6, 7, 8, 9, 10, 12, 13, 14, 15, 17, 19, 21, 22, 29, 30, 36, 52, 76, 97, 146, 155, 167, 184, 243, 249, 273, 324, 367, 369, 374, 387, 390, 399, 409, 411, 416, 429, 432, 441, 453, 455, 473, 482, 510, 545, 563], "summary": {"covered_lines": 46, "num_statements": 181, "percent_covered": 25.414364640883978, "missing_lines": 135, "excluded_lines": 0}, "missing_lines": [114, 116, 117, 118, 125, 128, 129, 132, 135, 139, 140, 141, 142, 143, 148, 150, 151, 153, 157, 159, 165, 171, 172, 174, 177, 178, 179, 180, 181, 182, 189, 192, 193, 194, 200, 204, 207, 209, 213, 214, 220, 221, 222, 226, 231, 234, 235, 236, 239, 246, 247, 252, 253, 258, 267, 271, 276, 281, 287, 292, 293, 294, 301, 306, 318, 322, 327, 330, 331, 336, 337, 339, 342, 343, 345, 348, 349, 351, 354, 363, 378, 379, 381, 382, 385, 388, 392, 396, 401, 403, 407, 420, 421, 423, 424, 427, 430, 434, 438, 443, 446, 450, 487, 488, 490, 491, 494, 497, 498, 501, 503, 505, 506, 507, 508, 514, 519, 522, 525, 526, 527, 532, 533, 535, 536, 539, 541, 542, 548, 549, 553, 561, 565, 567, 571], "excluded_lines": []}, "src/wepy/reporter/hdf5.py": {"executed_lines": [1, 2, 4, 6, 7, 8, 9, 11, 12, 31, 33, 37, 39, 345, 451, 463, 590, 606, 622, 640, 656], "summary": {"covered_lines": 20, "num_statements": 202, "percent_covered": 9.900990099009901, "missing_lines": 182, "excluded_lines": 0}, "missing_lines": [191, 196, 200, 201, 203, 206, 207, 208, 209, 213, 214, 215, 216, 217, 218, 220, 221, 223, 224, 225, 226, 228, 230, 231, 232, 233, 235, 237, 238, 239, 240, 242, 244, 245, 246, 247, 249, 253, 254, 255, 256, 258, 260, 261, 262, 263, 265, 267, 268, 269, 270, 272, 274, 275, 276, 277, 279, 281, 282, 283, 284, 286, 291, 295, 297, 301, 302, 307, 308, 310, 312, 315, 319, 320, 325, 328, 329, 332, 335, 336, 339, 340, 342, 350, 353, 355, 366, 368, 371, 375, 376, 378, 385, 387, 390, 391, 394, 398, 399, 402, 404, 407, 409, 410, 416, 417, 420, 422, 423, 426, 427, 428, 429, 433, 434, 435, 436, 438, 439, 440, 441, 442, 443, 448, 449, 454, 455, 458, 460, 472, 476, 477, 479, 481, 484, 485, 488, 490, 491, 495, 498, 499, 500, 503, 504, 505, 509, 510, 513, 514, 518, 519, 522, 527, 529, 534, 535, 538, 539, 544, 545, 550, 551, 556, 559, 566, 571, 576, 577, 578, 579, 582, 584, 586, 603, 604, 619, 620, 635, 636, 653, 669], "excluded_lines": []}, "src/wepy/reporter/openmm.py": {"executed_lines": [1, 4, 7, 9, 11, 23, 63, 80], "summary": {"covered_lines": 8, "num_statements": 35, "percent_covered": 22.857142857142858, "missing_lines": 27, "excluded_lines": 0}, "missing_lines": [28, 29, 31, 35, 36, 39, 43, 44, 49, 60, 61, 65, 68, 71, 74, 77, 82, 87, 88, 91, 92, 95, 98, 101, 103, 109, 111], "excluded_lines": []}, "src/wepy/reporter/receptor/__init__.py": {"executed_lines": [1], "summary": {"covered_lines": 0, "num_statements": 0, "percent_covered": 100.0, "missing_lines": 0, "excluded_lines": 0}, "missing_lines": [], "excluded_lines": []}, "src/wepy/reporter/receptor/dashboard.py": {"executed_lines": [1, 2, 4, 7, 10, 13, 38, 43, 77, 79, 84, 103, 117, 119, 124, 142], "summary": {"covered_lines": 16, "num_statements": 44, "percent_covered": 36.36363636363637, "missing_lines": 28, "excluded_lines": 0}, "missing_lines": [40, 45, 60, 62, 71, 73, 88, 89, 91, 96, 97, 99, 101, 105, 107, 111, 115, 128, 129, 131, 135, 136, 138, 140, 144, 146, 150, 154], "excluded_lines": []}, "src/wepy/reporter/reporter.py": {"executed_lines": [1, 2, 3, 4, 6, 7, 8, 10, 11, 24, 38, 81, 145, 180, 181, 209, 212, 217, 240, 244, 247, 251, 379, 396, 404, 412, 417, 429, 442, 447, 459, 477, 492, 493, 499], "summary": {"covered_lines": 31, "num_statements": 93, "percent_covered": 33.333333333333336, "missing_lines": 62, "excluded_lines": 0}, "missing_lines": [36, 77, 78, 141, 142, 175, 176, 282, 286, 287, 296, 303, 309, 312, 317, 319, 322, 324, 330, 332, 333, 336, 343, 346, 351, 352, 356, 361, 365, 368, 369, 372, 374, 376, 391, 392, 394, 399, 400, 402, 407, 408, 410, 415, 426, 427, 440, 445, 456, 457, 471, 472, 474, 489, 490, 527, 537, 541, 542, 543, 544, 548], "excluded_lines": []}, "src/wepy/reporter/restree.py": {"executed_lines": [1, 5, 7, 8, 9, 11, 13, 14, 15, 17, 22, 23, 26, 28, 30, 32, 35, 38, 151, 156, 186, 215, 293], "summary": {"covered_lines": 21, "num_statements": 131, "percent_covered": 16.03053435114504, "missing_lines": 110, "excluded_lines": 0}, "missing_lines": [84, 88, 91, 93, 96, 97, 98, 101, 102, 104, 108, 112, 115, 116, 117, 126, 127, 129, 130, 131, 140, 143, 146, 149, 154, 175, 179, 184, 204, 207, 212, 246, 247, 249, 250, 254, 255, 263, 264, 268, 269, 276, 277, 282, 284, 288, 290, 323, 326, 330, 332, 334, 335, 339, 341, 344, 345, 353, 356, 357, 360, 367, 371, 372, 380, 381, 382, 383, 384, 387, 390, 391, 392, 393, 394, 398, 399, 404, 406, 411, 412, 413, 415, 421, 422, 430, 437, 438, 440, 441, 443, 447, 448, 450, 452, 454, 457, 459, 460, 462, 463, 466, 467, 474, 478, 482, 487, 492, 495, 499], "excluded_lines": []}, "src/wepy/reporter/revo/__init__.py": {"executed_lines": [1], "summary": {"covered_lines": 0, "num_statements": 0, "percent_covered": 100.0, "missing_lines": 0, "excluded_lines": 0}, "missing_lines": [], "excluded_lines": []}, "src/wepy/reporter/revo/dashboard.py": {"executed_lines": [1, 2, 3, 4, 6, 7, 9, 10, 12, 14, 35, 94, 123], "summary": {"covered_lines": 13, "num_statements": 64, "percent_covered": 20.3125, "missing_lines": 51, "excluded_lines": 0}, "missing_lines": [44, 45, 47, 56, 57, 58, 59, 60, 61, 62, 65, 67, 69, 71, 73, 75, 78, 79, 80, 81, 82, 83, 86, 87, 89, 90, 91, 92, 96, 97, 98, 99, 100, 101, 102, 103, 105, 106, 109, 110, 111, 115, 116, 117, 118, 119, 121, 125, 127, 140, 142], "excluded_lines": []}, "src/wepy/reporter/walker.py": {"executed_lines": [1, 9, 11, 13, 14, 15, 16, 18, 20, 21, 47, 50, 52, 96, 119], "summary": {"covered_lines": 13, "num_statements": 32, "percent_covered": 40.625, "missing_lines": 19, "excluded_lines": 0}, "missing_lines": [74, 76, 77, 80, 81, 83, 86, 89, 92, 103, 106, 110, 116, 117, 133, 137, 141, 145, 152], "excluded_lines": []}, "src/wepy/reporter/wexplore/__init__.py": {"executed_lines": [1], "summary": {"covered_lines": 0, "num_statements": 0, "percent_covered": 100.0, "missing_lines": 0, "excluded_lines": 0}, "missing_lines": [], "excluded_lines": []}, "src/wepy/reporter/wexplore/dashboard.py": {"executed_lines": [1, 2, 3, 4, 5, 7, 9, 10, 11, 13, 14, 47, 94, 108, 191], "summary": {"covered_lines": 15, "num_statements": 106, "percent_covered": 14.150943396226415, "missing_lines": 91, "excluded_lines": 0}, "missing_lines": [53, 54, 56, 62, 63, 64, 66, 68, 71, 72, 75, 78, 79, 80, 81, 82, 85, 86, 87, 88, 91, 97, 98, 99, 100, 102, 103, 105, 111, 112, 114, 115, 116, 118, 119, 120, 124, 125, 128, 130, 133, 136, 137, 138, 141, 145, 150, 153, 154, 155, 157, 158, 163, 164, 167, 170, 172, 174, 177, 180, 181, 182, 185, 186, 188, 193, 195, 196, 197, 198, 203, 204, 205, 206, 208, 210, 212, 214, 219, 220, 221, 226, 228, 229, 230, 231, 233, 234, 239, 249, 251], "excluded_lines": []}, "src/wepy/resampling/__init__.py": {"executed_lines": [1], "summary": {"covered_lines": 0, "num_statements": 0, "percent_covered": 100.0, "missing_lines": 0, "excluded_lines": 0}, "missing_lines": [], "excluded_lines": []}, "src/wepy/resampling/decisions/__init__.py": {"executed_lines": [1], "summary": {"covered_lines": 0, "num_statements": 0, "percent_covered": 100.0, "missing_lines": 0, "excluded_lines": 0}, "missing_lines": [], "excluded_lines": []}, "src/wepy/resampling/decisions/clone_merge.py": {"executed_lines": [1, 2, 3, 5, 7, 9, 13, 14, 23, 26, 29, 33, 34, 39, 40, 61, 63, 65, 66, 67, 69, 73, 79, 86], "summary": {"covered_lines": 22, "num_statements": 58, "percent_covered": 37.93103448275862, "missing_lines": 36, "excluded_lines": 0}, "missing_lines": [81, 82, 84, 90, 93, 96, 97, 100, 102, 103, 105, 108, 109, 114, 117, 120, 123, 127, 131, 132, 141, 145, 149, 151, 152, 155, 158, 160, 164, 167, 170, 171, 175, 178, 180, 182], "excluded_lines": []}, "src/wepy/resampling/decisions/decision.py": {"executed_lines": [1, 48, 49, 50, 51, 53, 56, 57, 61, 64, 67, 76, 79, 82, 85, 89, 93, 98, 103, 108, 123, 128, 139, 151, 167, 185, 211, 249, 288, 289, 291, 292, 294, 295, 297, 298, 300, 301, 302, 304, 306, 308], "summary": {"covered_lines": 38, "num_statements": 83, "percent_covered": 45.78313253012048, "missing_lines": 45, "excluded_lines": 0}, "missing_lines": [91, 96, 101, 106, 119, 126, 131, 132, 134, 135, 136, 137, 143, 144, 146, 147, 148, 149, 164, 165, 181, 182, 199, 201, 202, 204, 206, 207, 209, 247, 269, 272, 276, 279, 280, 281, 283, 312, 315, 316, 317, 321, 322, 327, 330], "excluded_lines": []}, "src/wepy/resampling/distances/__init__.py": {"executed_lines": [1], "summary": {"covered_lines": 0, "num_statements": 0, "percent_covered": 100.0, "missing_lines": 0, "excluded_lines": 0}, "missing_lines": [], "excluded_lines": []}, "src/wepy/resampling/distances/distance.py": {"executed_lines": [1, 24, 25, 27, 28, 30, 34, 57, 80, 103, 104, 110, 115], "summary": {"covered_lines": 10, "num_statements": 16, "percent_covered": 62.5, "missing_lines": 6, "excluded_lines": 0}, "missing_lines": [32, 55, 78, 98, 112, 117], "excluded_lines": []}, "src/wepy/resampling/distances/receptor.py": {"executed_lines": [1, 20, 22, 24, 26, 27, 28, 29, 31, 33, 34, 48, 92, 129, 161, 162, 174, 182, 183, 192], "summary": {"covered_lines": 16, "num_statements": 38, "percent_covered": 42.10526315789474, "missing_lines": 22, "excluded_lines": 0}, "missing_lines": [73, 74, 77, 78, 81, 84, 85, 90, 112, 118, 122, 125, 127, 153, 156, 158, 178, 180, 196, 197, 201, 203], "excluded_lines": []}, "src/wepy/resampling/resamplers/__init__.py": {"executed_lines": [1], "summary": {"covered_lines": 0, "num_statements": 0, "percent_covered": 100.0, "missing_lines": 0, "excluded_lines": 0}, "missing_lines": [], "excluded_lines": []}, "src/wepy/resampling/resamplers/clone_merge.py": {"executed_lines": [1, 3, 4, 7, 8, 22, 24, 25, 26, 28, 30, 54, 58, 63, 90, 121], "summary": {"covered_lines": 15, "num_statements": 53, "percent_covered": 28.30188679245283, "missing_lines": 38, "excluded_lines": 0}, "missing_lines": [47, 51, 52, 56, 60, 83, 88, 101, 104, 105, 107, 112, 113, 115, 161, 163, 166, 172, 174, 177, 181, 182, 186, 190, 192, 193, 197, 207, 210, 211, 215, 216, 219, 222, 225, 228, 231, 234], "excluded_lines": []}, "src/wepy/resampling/resamplers/resampler.py": {"executed_lines": [1, 2, 3, 4, 6, 8, 10, 11, 13, 15, 16, 76, 79, 86, 89, 92, 98, 123, 150, 167, 181, 198, 225, 242, 257, 259, 318, 323, 327, 331, 335, 349, 353, 357, 361, 365, 379, 383, 388, 412, 419, 426, 431, 436, 465, 495, 525, 531, 545, 556, 589, 590, 592, 595, 596, 597, 599, 601, 638], "summary": {"covered_lines": 56, "num_statements": 136, "percent_covered": 41.1764705882353, "missing_lines": 80, "excluded_lines": 0}, "missing_lines": [300, 301, 302, 304, 305, 309, 312, 315, 321, 325, 329, 333, 345, 351, 355, 359, 363, 375, 381, 386, 400, 401, 403, 406, 407, 408, 409, 410, 414, 415, 417, 421, 422, 424, 429, 434, 441, 442, 452, 453, 457, 458, 463, 470, 471, 481, 482, 486, 487, 492, 506, 507, 511, 512, 513, 514, 519, 520, 521, 522, 527, 543, 553, 584, 586, 603, 605, 609, 615, 616, 617, 618, 619, 620, 624, 628, 632, 636, 657, 661], "excluded_lines": []}, "src/wepy/resampling/resamplers/revo.py": {"executed_lines": [1, 2, 3, 4, 6, 8, 9, 10, 12, 13, 92, 93, 94, 98, 101, 103, 105, 109, 113, 204, 223, 260, 320, 518, 554], "summary": {"covered_lines": 24, "num_statements": 157, "percent_covered": 15.286624203821656, "missing_lines": 133, "excluded_lines": 0}, "missing_lines": [164, 169, 170, 171, 172, 175, 176, 180, 184, 188, 191, 192, 193, 196, 201, 202, 215, 218, 219, 221, 242, 244, 246, 248, 252, 254, 256, 258, 287, 292, 297, 300, 304, 306, 307, 309, 311, 314, 315, 316, 318, 346, 348, 349, 350, 353, 354, 358, 361, 364, 366, 367, 368, 372, 373, 379, 380, 384, 387, 390, 391, 395, 398, 399, 403, 404, 405, 409, 413, 421, 422, 426, 427, 431, 433, 436, 437, 438, 439, 442, 444, 445, 447, 449, 450, 456, 459, 460, 461, 465, 466, 469, 470, 473, 474, 477, 481, 484, 488, 491, 494, 496, 500, 501, 502, 507, 512, 513, 514, 516, 534, 537, 538, 539, 540, 543, 546, 549, 550, 552, 575, 576, 577, 580, 582, 583, 587, 590, 591, 592, 595, 599, 605], "excluded_lines": []}, "src/wepy/resampling/resamplers/wexplore.py": {"executed_lines": [1, 2, 3, 4, 5, 6, 8, 9, 11, 12, 13, 15, 16, 17, 23, 104, 155, 196, 197, 203, 222, 224, 289, 294, 299, 304, 309, 314, 319, 324, 329, 334, 339, 344, 376, 393, 412, 416, 446, 451, 467, 483, 488, 504, 521, 597, 614, 719, 794, 814, 829, 913, 983, 1056, 1131, 1223, 1374, 1459, 1497, 1598, 1642, 1763, 1831, 1984, 2050, 2051, 2221, 2222, 2223, 2226, 2234, 2236, 2238, 2242, 2247, 2328, 2339, 2350, 2360, 2394, 2446, 2496, 2525, 2582], "summary": {"covered_lines": 81, "num_statements": 644, "percent_covered": 12.577639751552795, "missing_lines": 563, "excluded_lines": 0}, "missing_lines": [56, 61, 62, 66, 68, 69, 70, 71, 75, 76, 78, 81, 85, 92, 97, 100, 135, 139, 143, 146, 147, 149, 152, 173, 176, 179, 182, 186, 191, 193, 231, 233, 238, 240, 241, 242, 243, 244, 245, 249, 250, 252, 256, 258, 259, 261, 263, 264, 266, 267, 275, 276, 277, 283, 284, 287, 292, 297, 302, 307, 312, 317, 322, 327, 332, 337, 342, 360, 363, 372, 374, 388, 390, 391, 406, 407, 409, 414, 431, 432, 434, 436, 437, 438, 441, 443, 449, 465, 481, 486, 502, 518, 534, 535, 539, 544, 545, 546, 550, 551, 554, 555, 559, 560, 564, 567, 568, 569, 570, 571, 572, 573, 578, 581, 584, 586, 589, 590, 593, 595, 601, 602, 605, 606, 607, 609, 610, 611, 628, 631, 634, 638, 642, 647, 651, 652, 655, 658, 665, 668, 669, 675, 676, 678, 679, 686, 688, 689, 693, 697, 699, 702, 703, 708, 709, 710, 713, 714, 715, 717, 738, 741, 745, 749, 752, 755, 760, 764, 768, 772, 776, 780, 781, 785, 786, 792, 807, 808, 810, 812, 827, 850, 854, 857, 861, 866, 871, 875, 880, 884, 889, 895, 898, 899, 901, 908, 910, 943, 947, 949, 953, 957, 964, 966, 972, 974, 979, 981, 1002, 1004, 1007, 1011, 1012, 1013, 1015, 1016, 1017, 1022, 1024, 1027, 1037, 1040, 1043, 1046, 1051, 1054, 1074, 1076, 1079, 1084, 1085, 1086, 1089, 1090, 1091, 1096, 1104, 1110, 1114, 1118, 1122, 1127, 1129, 1152, 1156, 1162, 1165, 1166, 1171, 1172, 1175, 1176, 1187, 1189, 1193, 1196, 1202, 1205, 1206, 1211, 1212, 1215, 1216, 1220, 1262, 1263, 1268, 1269, 1270, 1275, 1276, 1281, 1282, 1285, 1287, 1292, 1295, 1297, 1301, 1303, 1306, 1307, 1310, 1311, 1314, 1318, 1322, 1327, 1328, 1330, 1335, 1340, 1341, 1342, 1343, 1345, 1346, 1351, 1352, 1353, 1354, 1357, 1358, 1359, 1363, 1364, 1369, 1371, 1397, 1400, 1403, 1407, 1408, 1412, 1416, 1420, 1425, 1429, 1432, 1433, 1438, 1441, 1442, 1446, 1453, 1454, 1457, 1486, 1491, 1495, 1516, 1519, 1525, 1526, 1556, 1565, 1570, 1574, 1580, 1584, 1588, 1591, 1594, 1596, 1624, 1626, 1630, 1634, 1636, 1640, 1668, 1669, 1670, 1675, 1680, 1681, 1685, 1688, 1693, 1695, 1696, 1699, 1712, 1713, 1717, 1718, 1719, 1723, 1725, 1726, 1730, 1731, 1732, 1735, 1742, 1743, 1747, 1749, 1752, 1755, 1759, 1761, 1789, 1798, 1801, 1802, 1805, 1807, 1820, 1821, 1825, 1826, 1829, 1851, 1854, 1857, 1860, 1863, 1866, 1870, 1874, 1875, 1876, 1878, 1879, 1880, 1882, 1885, 1886, 1892, 1895, 1898, 1902, 1904, 1907, 1911, 1914, 1917, 1919, 1921, 1922, 1927, 1928, 1929, 1932, 1933, 1937, 1938, 1942, 1944, 1946, 1949, 1954, 1955, 1956, 1957, 1959, 1964, 1965, 1969, 1973, 1976, 1977, 1978, 1980, 2001, 2004, 2008, 2012, 2016, 2017, 2019, 2024, 2028, 2029, 2033, 2035, 2042, 2043, 2044, 2045, 2046, 2048, 2285, 2290, 2291, 2293, 2295, 2301, 2304, 2305, 2306, 2308, 2309, 2310, 2315, 2316, 2317, 2321, 2331, 2334, 2335, 2337, 2342, 2345, 2346, 2348, 2357, 2381, 2385, 2388, 2392, 2417, 2420, 2421, 2422, 2423, 2426, 2432, 2434, 2436, 2437, 2438, 2439, 2440, 2443, 2465, 2467, 2468, 2469, 2470, 2471, 2472, 2474, 2475, 2477, 2478, 2482, 2483, 2486, 2487, 2488, 2489, 2492, 2494, 2509, 2513, 2514, 2516, 2520, 2523, 2544, 2548, 2549, 2550, 2551, 2552, 2555, 2558, 2561, 2564, 2567, 2568, 2571, 2574, 2578, 2579, 2586, 2590, 2595, 2598, 2599, 2603, 2607, 2609, 2612, 2613, 2614, 2615, 2619, 2620, 2624, 2628], "excluded_lines": []}, "src/wepy/runners/__init__.py": {"executed_lines": [1], "summary": {"covered_lines": 0, "num_statements": 0, "percent_covered": 100.0, "missing_lines": 0, "excluded_lines": 0}, "missing_lines": [], "excluded_lines": []}, "src/wepy/runners/openmm.py": {"executed_lines": [1, 26, 27, 28, 29, 30, 32, 34, 35, 36, 37, 41, 42, 43, 44, 45, 46, 50, 59, 94, 113, 114, 116, 179, 180, 183, 184, 185, 187, 189, 191, 193, 194, 196, 202, 207, 211, 212, 214, 216, 219, 220, 223, 230, 231, 232, 235, 236, 237, 241, 242, 243, 246, 247, 248, 255, 258, 301, 304, 306, 309, 313, 314, 317, 321, 324, 328, 332, 335, 338, 341, 344, 348, 351, 356, 359, 371, 373, 376, 377, 379, 380, 383, 385, 387, 388, 395, 400, 401, 405, 407, 408, 409, 414, 417, 419, 420, 421, 424, 427, 428, 429, 433, 437, 439, 440, 441, 443, 445, 486, 489, 491, 494, 495, 507, 510, 513, 529, 532, 533, 552, 555, 557, 613, 623, 628, 637, 647, 652, 666, 676, 681, 695, 705, 710, 727, 737, 742, 756, 766, 771, 785, 795, 800, 814, 824, 829, 846, 861, 871, 895, 910, 921, 947, 983, 1026, 1037, 1049, 1072, 1082, 1104, 1126, 1129, 1132, 1137, 1138, 1141, 1144, 1146, 1148, 1170, 1173, 1176, 1177, 1184, 1187, 1190, 1193, 1194, 1204, 1208, 1210, 1221, 1232, 1233, 1243, 1247, 1262, 1264, 1267, 1276, 1278, 1281], "summary": {"covered_lines": 187, "num_statements": 391, "percent_covered": 47.82608695652174, "missing_lines": 204, "excluded_lines": 0}, "missing_lines": [38, 39, 252, 253, 315, 391, 537, 539, 543, 546, 550, 561, 565, 571, 572, 573, 574, 575, 576, 577, 578, 579, 580, 581, 582, 583, 584, 585, 586, 589, 590, 591, 592, 600, 601, 603, 604, 605, 606, 608, 616, 617, 618, 619, 621, 626, 634, 640, 641, 642, 643, 645, 650, 659, 660, 661, 663, 669, 670, 671, 672, 674, 679, 688, 689, 690, 692, 698, 699, 700, 701, 703, 708, 717, 718, 719, 721, 730, 731, 732, 733, 735, 740, 749, 750, 751, 753, 759, 760, 761, 762, 764, 769, 778, 779, 780, 782, 788, 789, 790, 791, 793, 798, 807, 808, 809, 811, 817, 818, 819, 820, 822, 827, 836, 837, 838, 840, 854, 855, 856, 857, 859, 868, 869, 882, 883, 885, 889, 890, 892, 903, 904, 905, 906, 908, 918, 919, 933, 934, 936, 940, 941, 943, 968, 969, 970, 972, 974, 975, 976, 977, 979, 981, 1002, 1007, 1008, 1010, 1013, 1015, 1017, 1019, 1020, 1024, 1031, 1032, 1033, 1035, 1042, 1043, 1044, 1046, 1053, 1063, 1064, 1065, 1066, 1067, 1068, 1070, 1075, 1076, 1077, 1078, 1079, 1080, 1096, 1098, 1099, 1133, 1212, 1213, 1215, 1217, 1225, 1229, 1251, 1254, 1258, 1269, 1272, 1274, 1284, 1287, 1289], "excluded_lines": []}, "src/wepy/runners/runner.py": {"executed_lines": [1, 20, 22, 23, 25, 39, 41, 55, 57, 76, 77, 82], "summary": {"covered_lines": 9, "num_statements": 11, "percent_covered": 81.81818181818181, "missing_lines": 2, "excluded_lines": 0}, "missing_lines": [74, 84], "excluded_lines": []}, "src/wepy/sim_manager.py": {"executed_lines": [1, 45, 47, 48, 49, 50, 52, 54, 55, 87, 98, 146, 147, 150, 152, 154, 157, 160, 162, 165, 167, 189, 191, 193, 194, 213, 215, 217, 295, 302, 310, 312, 316, 324, 325, 326, 327, 328, 330, 332, 334, 340, 341, 342, 343, 344, 345, 366, 367, 369, 371, 372, 374, 375, 376, 388, 389, 390, 392, 394, 397, 398, 399, 400, 403, 405, 414, 430, 433, 435, 439, 452, 454, 455, 457, 499, 504, 508, 517, 552, 611, 657, 708], "summary": {"covered_lines": 81, "num_statements": 141, "percent_covered": 57.4468085106383, "missing_lines": 60, "excluded_lines": 0}, "missing_lines": [158, 163, 205, 208, 211, 313, 348, 349, 350, 352, 353, 356, 357, 358, 359, 361, 362, 410, 411, 436, 509, 541, 544, 545, 593, 594, 595, 596, 597, 599, 601, 603, 605, 607, 609, 643, 645, 646, 648, 650, 651, 653, 655, 695, 698, 700, 701, 703, 705, 736, 738, 741, 742, 743, 745, 747, 749, 751, 753, 755], "excluded_lines": []}, "src/wepy/util/__init__.py": {"executed_lines": [1], "summary": {"covered_lines": 0, "num_statements": 0, "percent_covered": 100.0, "missing_lines": 0, "excluded_lines": 0}, "missing_lines": [], "excluded_lines": []}, "src/wepy/util/json_top.py": {"executed_lines": [1, 3, 5, 6, 7, 8, 9, 10, 12, 39, 57, 87, 106, 138, 157, 182], "summary": {"covered_lines": 16, "num_statements": 104, "percent_covered": 15.384615384615385, "missing_lines": 88, "excluded_lines": 0}, "missing_lines": [29, 31, 33, 34, 35, 37, 55, 74, 76, 77, 79, 80, 81, 82, 83, 85, 103, 122, 124, 125, 126, 128, 129, 130, 131, 132, 133, 134, 136, 154, 173, 174, 175, 176, 177, 178, 180, 207, 212, 214, 217, 218, 221, 222, 226, 228, 229, 232, 236, 237, 240, 244, 247, 250, 253, 254, 256, 259, 260, 262, 264, 266, 269, 275, 276, 277, 280, 283, 284, 285, 288, 289, 293, 294, 296, 299, 300, 305, 306, 308, 310, 313, 314, 316, 318, 320, 322, 325], "excluded_lines": []}, "src/wepy/util/kv.py": {"executed_lines": [1, 32, 33, 34, 35, 36, 37, 41, 52, 53, 55, 56, 58, 60, 64, 66, 70, 79, 81, 84, 92, 93, 96, 97, 102, 103, 106, 113, 121, 124, 126, 130, 136, 140, 141, 150, 152, 164, 167, 170, 177, 181, 185, 187, 189, 200, 202, 203, 206, 209, 212, 213, 216, 221, 225, 226, 227, 230, 236, 238, 240, 244, 246, 248, 258, 262, 266, 268, 270, 272, 274, 276, 278, 283, 284, 286, 290, 312, 320, 333, 352, 358, 368, 377, 400, 417, 433], "summary": {"covered_lines": 86, "num_statements": 163, "percent_covered": 52.760736196319016, "missing_lines": 77, "excluded_lines": 0}, "missing_lines": [74, 76, 89, 90, 94, 107, 110, 132, 153, 156, 159, 160, 171, 222, 242, 250, 251, 254, 255, 260, 264, 280, 287, 288, 292, 293, 298, 304, 305, 307, 308, 310, 313, 327, 328, 330, 335, 338, 339, 343, 344, 345, 347, 350, 354, 356, 361, 366, 371, 375, 386, 387, 390, 393, 394, 397, 403, 404, 405, 408, 409, 413, 415, 420, 421, 424, 425, 428, 430, 435, 436, 437, 438, 439, 441, 442, 443], "excluded_lines": []}, "src/wepy/util/mdtraj.py": {"executed_lines": [1, 7, 8, 9, 11, 13, 14, 16, 64, 137, 194, 261], "summary": {"covered_lines": 11, "num_statements": 83, "percent_covered": 13.25301204819277, "missing_lines": 72, "excluded_lines": 0}, "missing_lines": [93, 98, 99, 103, 104, 112, 114, 115, 116, 117, 119, 124, 125, 127, 128, 133, 135, 162, 164, 166, 167, 168, 169, 170, 171, 172, 173, 174, 175, 176, 177, 178, 180, 181, 182, 183, 184, 185, 187, 188, 189, 191, 211, 214, 221, 222, 225, 228, 231, 232, 233, 236, 238, 240, 241, 244, 249, 250, 251, 252, 253, 254, 256, 257, 259, 285, 287, 288, 291, 294, 295, 298], "excluded_lines": []}, "src/wepy/util/util.py": {"executed_lines": [1, 3, 4, 6, 10, 48, 106, 176], "summary": {"covered_lines": 7, "num_statements": 46, "percent_covered": 15.217391304347826, "missing_lines": 39, "excluded_lines": 0}, "missing_lines": [28, 29, 30, 32, 34, 35, 37, 42, 44, 46, 68, 69, 70, 71, 74, 79, 149, 150, 152, 153, 154, 156, 157, 158, 159, 160, 161, 163, 164, 168, 169, 170, 171, 173, 179, 181, 182, 183, 186], "excluded_lines": []}, "src/wepy/walker.py": {"executed_lines": [1, 29, 30, 31, 33, 61, 86, 120, 121, 130, 141, 142, 144, 174, 190, 205, 206, 218, 225, 227, 228, 230], "summary": {"covered_lines": 19, "num_statements": 43, "percent_covered": 44.18604651162791, "missing_lines": 24, "excluded_lines": 0}, "missing_lines": [53, 55, 56, 57, 59, 78, 80, 82, 84, 104, 106, 107, 114, 116, 118, 166, 168, 169, 170, 172, 187, 188, 203, 232], "excluded_lines": []}, "src/wepy/work_mapper/__init__.py": {"executed_lines": [1], "summary": {"covered_lines": 0, "num_statements": 0, "percent_covered": 100.0, "missing_lines": 0, "excluded_lines": 0}, "missing_lines": [], "excluded_lines": []}, "src/wepy/work_mapper/mapper.py": {"executed_lines": [1, 6, 7, 8, 9, 10, 11, 12, 13, 15, 17, 18, 20, 30, 32, 34, 38, 42, 52, 56, 59, 60, 63, 66, 68, 81, 83, 88, 89, 91, 101, 104, 107, 129, 130, 132, 133, 134, 135, 138, 139, 143, 145, 147, 150, 152, 154, 163, 168, 172, 173, 174, 176, 178, 180, 182, 193, 196, 197, 199, 211, 212, 213, 215, 222, 223, 230, 234, 237, 238, 241, 242, 244, 246, 271, 274, 276, 277, 279, 280, 282, 295, 299, 302, 308, 312, 315, 322, 324, 327, 329, 342, 356, 363, 364, 366, 367, 375, 376, 383, 410, 418, 421, 424, 429, 431, 439, 442, 455, 458, 463, 467, 470, 478, 481, 482, 485, 486, 490, 496, 499, 500, 502, 507, 509, 515, 517, 525, 527, 531, 533, 538, 539, 540, 541, 542, 544, 547, 548, 550, 555, 560, 587, 588, 590, 598, 610, 614, 615, 618, 619, 620, 623, 626, 627, 630, 631, 633, 635, 637, 641, 644, 647, 648, 649, 655, 656, 657, 658, 662, 666, 668, 672, 674, 675, 708, 709, 710, 711, 716, 717, 720, 723, 731, 732, 735, 739, 740, 749, 753, 776, 778, 779, 780, 783, 787, 789, 792, 795, 796, 798, 801, 806, 811, 888, 902, 916, 1009], "summary": {"covered_lines": 201, "num_statements": 308, "percent_covered": 65.25974025974025, "missing_lines": 107, "excluded_lines": 0}, "missing_lines": [36, 40, 53, 54, 57, 84, 220, 303, 309, 340, 419, 425, 426, 427, 511, 513, 556, 557, 563, 565, 569, 570, 574, 577, 578, 580, 583, 591, 677, 682, 689, 692, 694, 695, 698, 700, 702, 704, 804, 809, 813, 821, 823, 829, 831, 833, 835, 839, 841, 845, 847, 849, 858, 863, 868, 871, 873, 877, 878, 879, 880, 890, 892, 895, 898, 900, 904, 906, 909, 911, 913, 927, 930, 933, 935, 937, 944, 946, 949, 955, 957, 963, 964, 966, 968, 970, 971, 975, 977, 985, 989, 991, 995, 997, 999, 1000, 1002, 1007, 1024, 1025, 1026, 1028, 1031, 1033, 1035, 1044, 1049], "excluded_lines": []}, "src/wepy/work_mapper/task_mapper.py": {"executed_lines": [1, 2, 3, 4, 5, 6, 7, 8, 9, 11, 13, 15, 16, 18, 19, 21, 22, 48, 54, 59, 64, 67, 70, 72, 74, 78, 80, 90, 98, 101, 107, 108, 109, 110, 112, 114, 115, 117, 118, 122, 123, 127, 130, 132, 136, 139, 140, 144, 148, 149, 152, 156, 157, 166, 169, 172, 173, 175, 178, 179, 182, 191, 193, 196, 197, 198, 201, 205, 206, 212, 238, 239, 247, 249, 251, 253, 256, 258, 261, 262, 264, 266, 267, 272, 274, 278, 280, 281, 321, 322, 330, 332, 335, 337, 339, 346, 356, 357, 358, 361, 362, 363, 366, 367, 368, 369, 373, 376, 391, 395, 399, 432, 436, 509], "summary": {"covered_lines": 113, "num_statements": 212, "percent_covered": 53.301886792452834, "missing_lines": 99, "excluded_lines": 0}, "missing_lines": [60, 61, 62, 82, 84, 86, 213, 215, 219, 223, 228, 229, 231, 270, 283, 287, 294, 298, 300, 301, 303, 304, 306, 308, 310, 313, 315, 317, 378, 380, 383, 386, 388, 393, 397, 402, 403, 404, 405, 408, 410, 412, 421, 426, 430, 434, 438, 446, 448, 454, 456, 458, 460, 464, 466, 470, 472, 474, 483, 488, 493, 496, 498, 502, 503, 504, 505, 511, 516, 517, 520, 521, 522, 523, 525, 526, 527, 531, 532, 536, 538, 541, 544, 545, 550, 552, 554, 559, 563, 564, 565, 566, 568, 572, 574, 578, 579, 584, 586], "excluded_lines": []}, "src/wepy/work_mapper/worker.py": {"executed_lines": [1, 3, 4, 5, 6, 17], "summary": {"covered_lines": 5, "num_statements": 5, "percent_covered": 100.0, "missing_lines": 0, "excluded_lines": 0}, "missing_lines": [], "excluded_lines": []}, "src/wepy_tools/__init__.py": {"executed_lines": [1], "summary": {"covered_lines": 0, "num_statements": 0, "percent_covered": 100.0, "missing_lines": 0, "excluded_lines": 0}, "missing_lines": [], "excluded_lines": []}, "src/wepy_tools/sim_makers/__init__.py": {"executed_lines": [1], "summary": {"covered_lines": 0, "num_statements": 0, "percent_covered": 100.0, "missing_lines": 0, "excluded_lines": 0}, "missing_lines": [], "excluded_lines": []}, "src/wepy_tools/sim_makers/openmm/__init__.py": {"executed_lines": [1, 4, 5, 7], "summary": {"covered_lines": 4, "num_statements": 4, "percent_covered": 100.0, "missing_lines": 0, "excluded_lines": 0}, "missing_lines": [], "excluded_lines": []}, "src/wepy_tools/sim_makers/openmm/lennard_jones.py": {"executed_lines": [1, 2, 4, 5, 6, 8, 10, 16, 18, 21, 24, 35, 37, 39, 41, 42, 44, 49, 50, 56, 73], "summary": {"covered_lines": 21, "num_statements": 36, "percent_covered": 58.333333333333336, "missing_lines": 15, "excluded_lines": 0}, "missing_lines": [19, 22, 25, 26, 28, 58, 59, 69, 71, 77, 78, 79, 81, 83, 85], "excluded_lines": []}, "src/wepy_tools/sim_makers/openmm/lysozyme.py": {"executed_lines": [1, 3, 5, 7, 8, 9, 11, 16, 21, 22, 23, 25, 27, 29, 31, 32, 34, 36, 38, 43, 44, 50, 52, 60, 70, 71, 78, 118, 137, 150, 165, 176, 204, 213], "summary": {"covered_lines": 34, "num_statements": 76, "percent_covered": 44.73684210526316, "missing_lines": 42, "excluded_lines": 0}, "missing_lines": [82, 83, 84, 86, 92, 95, 101, 103, 104, 106, 111, 128, 130, 131, 133, 135, 141, 143, 145, 148, 153, 155, 156, 160, 161, 163, 168, 171, 172, 174, 188, 190, 192, 202, 206, 208, 209, 211, 215, 216, 226, 228], "excluded_lines": []}, "src/wepy_tools/sim_makers/openmm/sim_maker.py": {"executed_lines": [1, 3, 5, 7, 8, 9, 11, 13, 14, 21, 22, 23, 24, 25, 26, 29, 30, 31, 34, 37, 40, 41, 42, 44, 50, 52, 57, 58, 59, 61, 62, 66, 71, 77, 79, 88, 98, 108, 110, 118, 121, 127, 132, 133, 137, 146, 149, 151, 159, 166, 176, 183, 191, 207, 217, 225, 317, 324, 356, 401, 511, 557, 568, 570, 572, 580, 588], "summary": {"covered_lines": 66, "num_statements": 198, "percent_covered": 33.333333333333336, "missing_lines": 132, "excluded_lines": 0}, "missing_lines": [198, 199, 200, 201, 203, 204, 205, 210, 212, 215, 220, 221, 223, 240, 243, 247, 248, 250, 253, 254, 257, 258, 261, 271, 274, 277, 278, 281, 289, 290, 294, 297, 300, 301, 303, 311, 314, 319, 321, 327, 329, 331, 332, 333, 334, 335, 336, 338, 340, 342, 343, 344, 345, 346, 347, 348, 350, 352, 354, 359, 360, 366, 377, 378, 380, 381, 385, 386, 388, 389, 394, 395, 398, 403, 404, 407, 409, 418, 419, 423, 427, 430, 431, 432, 433, 435, 436, 437, 439, 440, 442, 447, 448, 449, 451, 454, 460, 461, 463, 466, 477, 478, 480, 483, 488, 489, 491, 494, 499, 500, 503, 506, 508, 525, 528, 531, 532, 536, 542, 546, 554, 559, 560, 562, 564, 575, 578, 584, 586, 591, 594, 596], "excluded_lines": []}, "src/wepy_tools/systems/__init__.py": {"executed_lines": [1], "summary": {"covered_lines": 0, "num_statements": 0, "percent_covered": 100.0, "missing_lines": 0, "excluded_lines": 0}, "missing_lines": [], "excluded_lines": []}, "src/wepy_tools/systems/lennard_jones.py": {"executed_lines": [1, 2, 4, 6, 8, 11, 14], "summary": {"covered_lines": 7, "num_statements": 12, "percent_covered": 58.333333333333336, "missing_lines": 5, "excluded_lines": 0}, "missing_lines": [9, 12, 15, 16, 18], "excluded_lines": []}, "src/wepy_tools/systems/receptor.py": {"executed_lines": [1, 3, 4, 6, 7, 10], "summary": {"covered_lines": 6, "num_statements": 17, "percent_covered": 35.294117647058826, "missing_lines": 11, "excluded_lines": 0}, "missing_lines": [47, 48, 50, 51, 53, 54, 57, 60, 65, 69, 71], "excluded_lines": []}, "tests/conftest.py": {"executed_lines": [1, 9, 10, 11, 12, 14, 16, 22, 23, 25], "summary": {"covered_lines": 9, "num_statements": 9, "percent_covered": 100.0, "missing_lines": 0, "excluded_lines": 0}, "missing_lines": [], "excluded_lines": []}, "tests/test_unit/test_orchestration/test_configuration.py": {"executed_lines": [1, 3, 4, 5, 6, 7, 8, 10, 12, 14, 16, 23, 31, 32, 33, 35, 41, 43, 48, 54, 56, 58, 62, 63, 66, 68, 73, 78, 94, 95, 96, 100, 110, 112, 116], "summary": {"covered_lines": 35, "num_statements": 35, "percent_covered": 100.0, "missing_lines": 0, "excluded_lines": 0}, "missing_lines": [], "excluded_lines": []}, "tests/test_unit/test_runners/test_openmm.py": {"executed_lines": [1, 3, 4, 9, 11, 13, 17, 18, 24, 26, 31, 36, 44, 49, 50, 52, 57, 58, 60, 65, 66, 68, 73, 74, 77, 82, 88], "summary": {"covered_lines": 27, "num_statements": 27, "percent_covered": 100.0, "missing_lines": 0, "excluded_lines": 0}, "missing_lines": [], "excluded_lines": []}, "tests/test_unit/test_work_mapper/test_mapper.py": {"executed_lines": [1, 2, 3, 4, 6, 8, 9, 10, 11, 13, 15, 17, 22, 25, 26, 29, 31, 34, 36, 38, 40, 42, 45, 47, 49, 53, 55, 57, 60, 62, 64, 68, 70, 72, 75, 77, 80, 82, 83, 84, 86, 89, 91, 93, 95, 97, 99, 100, 102, 104, 106, 110, 112, 113, 115, 118, 120, 124, 126, 127, 129], "summary": {"covered_lines": 61, "num_statements": 61, "percent_covered": 100.0, "missing_lines": 0, "excluded_lines": 0}, "missing_lines": [], "excluded_lines": []}}, "totals": {"covered_lines": 2310, "num_statements": 7009, "percent_covered": 32.95762590954487, "missing_lines": 4699, "excluded_lines": 0}}